<?xml version="1.0" encoding="UTF-8"?>
<testng-results skipped="0" failed="0" ignored="0" total="3" passed="3">
  <reporter-output>
  </reporter-output>
  <suite name="Default suite" duration-ms="11243" started-at="2020-11-10T06:54:05Z" finished-at="2020-11-10T06:54:17Z">
    <groups>
    </groups>
    <test name="Default test" duration-ms="11243" started-at="2020-11-10T06:54:05Z" finished-at="2020-11-10T06:54:17Z">
      <class name="com.dynamicJson.ParameterizationInAddBook">
        <test-method status="PASS" signature="addBook(java.lang.String, java.lang.String)[pri:0, instance:com.dynamicJson.ParameterizationInAddBook@3e6fa38a]" name="addBook" duration-ms="10586" started-at="2020-11-10T06:54:05Z" data-provider="Bookdata" finished-at="2020-11-10T06:54:16Z">
          <params>
            <param index="0">
              <value>
                <![CDATA[ojxczv]]>
              </value>
            </param>
            <param index="1">
              <value>
                <![CDATA[23]]>
              </value>
            </param>
          </params>
          <reporter-output>
          </reporter-output>
        </test-method> <!-- addBook -->
        <test-method status="PASS" signature="addBook(java.lang.String, java.lang.String)[pri:0, instance:com.dynamicJson.ParameterizationInAddBook@3e6fa38a]" name="addBook" duration-ms="260" started-at="2020-11-10T06:54:16Z" data-provider="Bookdata" finished-at="2020-11-10T06:54:16Z">
          <params>
            <param index="0">
              <value>
                <![CDATA[vdgs]]>
              </value>
            </param>
            <param index="1">
              <value>
                <![CDATA[34]]>
              </value>
            </param>
          </params>
          <reporter-output>
          </reporter-output>
        </test-method> <!-- addBook -->
        <test-method status="PASS" signature="addBook(java.lang.String, java.lang.String)[pri:0, instance:com.dynamicJson.ParameterizationInAddBook@3e6fa38a]" name="addBook" duration-ms="289" started-at="2020-11-10T06:54:16Z" data-provider="Bookdata" finished-at="2020-11-10T06:54:17Z">
          <params>
            <param index="0">
              <value>
                <![CDATA[gds]]>
              </value>
            </param>
            <param index="1">
              <value>
                <![CDATA[674]]>
              </value>
            </param>
          </params>
          <reporter-output>
          </reporter-output>
        </test-method> <!-- addBook -->
      </class> <!-- com.dynamicJson.ParameterizationInAddBook -->
    </test> <!-- Default test -->
  </suite> <!-- Default suite -->
</testng-results>
