<?xml version="1.0" encoding="UTF-8"?>
<!-- Generated by org.testng.reporters.JUnitXMLReporter -->
<testsuite hostname="DESKTOP-044PKM4" ignored="0" name="Default test" tests="3" failures="0" timestamp="10 Nov 2020 06:54:17 GMT" time="11.243" errors="0">
  <testcase name="addBook" time="10.586" classname="com.dynamicJson.ParameterizationInAddBook"/>
  <testcase name="addBook" time="0.26" classname="com.dynamicJson.ParameterizationInAddBook"/>
  <testcase name="addBook" time="0.289" classname="com.dynamicJson.ParameterizationInAddBook"/>
</testsuite> <!-- Default test -->
